#
# A fatal error has been detected by the Java Runtime Environment:
#
#  Internal Error (javaClasses.cpp:129), pid=4704, tid=4612
#  fatal error: Invalid layout of preloaded class
#
# JRE version: 7.0_09-b05
# Java VM: Java HotSpot(TM) 64-Bit Server VM (23.5-b02 mixed mode windows-amd64 compressed oops)
# Failed to write core dump. Minidumps are not enabled by default on client versions of Windows
#
# If you would like to submit a bug report, please visit:
#   http://bugreport.sun.com/bugreport/crash.jsp
#

---------------  T H R E A D  ---------------

Current thread (0x000000000228c800):  JavaThread "Unknown thread" [_thread_in_vm, id=4612, stack(0x00000000025b0000,0x00000000026b0000)]

Stack: [0x00000000025b0000,0x00000000026b0000]

---------------  P R O C E S S  ---------------

Java Threads: ( => current thread )

Other Threads:

=>0x000000000228c800 (exited) JavaThread "Unknown thread" [_thread_in_vm, id=4612, stack(0x00000000025b0000,0x00000000026b0000)]

VM state:not at safepoint (not fully initialized)

VM Mutex/Monitor currently owned by a thread: None

GC Heap History (0 events):
No events

Deoptimization events (0 events):
No events

Internal exceptions (0 events):
No events

Events (10 events):
Event: 0.016 loading class 0x000000000230ff00 done
Event: 0.016 loading class 0x00000000022d2290 done
Event: 0.016 loading class 0x00000000022d2260
Event: 0.016 loading class 0x000000000231a390
Event: 0.016 loading class 0x000000000231a390 done
Event: 0.016 loading class 0x000000000231a3d0
Event: 0.016 loading class 0x000000000231a3d0 done
Event: 0.016 loading class 0x0000000008acd200
Event: 0.016 loading class 0x0000000008acd200 done
Event: 0.016 loading class 0x00000000022d2260 done


Dynamic libraries:
0x000000013fda0000 - 0x000000013fdd4000 	C:\Program Files\Java\jre7\bin\javaw.exe
0x00000000779c0000 - 0x0000000077b69000 	C:\Windows\SYSTEM32\ntdll.dll
0x0000000077660000 - 0x000000007777f000 	C:\Windows\system32\kernel32.dll
0x000007fefd850000 - 0x000007fefd8bc000 	C:\Windows\system32\KERNELBASE.dll
0x000007fefd9a0000 - 0x000007fefda7b000 	C:\Windows\system32\ADVAPI32.dll
0x000007fefe340000 - 0x000007fefe3df000 	C:\Windows\system32\msvcrt.dll
0x000007fefe0c0000 - 0x000007fefe0df000 	C:\Windows\SYSTEM32\sechost.dll
0x000007feff600000 - 0x000007feff72d000 	C:\Windows\system32\RPCRT4.dll
0x00000000778c0000 - 0x00000000779ba000 	C:\Windows\system32\USER32.dll
0x000007fefe430000 - 0x000007fefe497000 	C:\Windows\system32\GDI32.dll
0x000007fefe500000 - 0x000007fefe50e000 	C:\Windows\system32\LPK.dll
0x000007fefe0e0000 - 0x000007fefe1a9000 	C:\Windows\system32\USP10.dll
0x000007fefbd10000 - 0x000007fefbf04000 	C:\Windows\WinSxS\amd64_microsoft.windows.common-controls_6595b64144ccf1df_6.0.7601.18837_none_fa3b1e3d17594757\COMCTL32.dll
0x000007fefe2c0000 - 0x000007fefe331000 	C:\Windows\system32\SHLWAPI.dll
0x000007fefe510000 - 0x000007fefe53e000 	C:\Windows\system32\IMM32.DLL
0x000007fefe1b0000 - 0x000007fefe2b9000 	C:\Windows\system32\MSCTF.dll
0x000007fefd460000 - 0x000007fefd4a4000 	C:\Windows\system32\nvinitx.dll
0x000000006a300000 - 0x000000006a3d1000 	C:\Program Files\Java\jre7\bin\msvcr100.dll
0x0000000069be0000 - 0x000000006a2ff000 	C:\Program Files\Java\jre7\bin\server\jvm.dll
0x000007fef4c00000 - 0x000007fef4c09000 	C:\Windows\system32\WSOCK32.dll
0x000007fefe3e0000 - 0x000007fefe42d000 	C:\Windows\system32\WS2_32.dll
0x000007fefdea0000 - 0x000007fefdea8000 	C:\Windows\system32\NSI.dll
0x000007fefd910000 - 0x000007fefd94b000 	C:\Windows\system32\WINMM.dll
0x0000000077b80000 - 0x0000000077b87000 	C:\Windows\system32\PSAPI.DLL
0x000000006fcf0000 - 0x000000006fcff000 	C:\Program Files\Java\jre7\bin\verify.dll
0x000000006eb60000 - 0x000000006eb88000 	C:\Program Files\Java\jre7\bin\java.dll
0x0000000069bc0000 - 0x0000000069bd5000 	C:\Program Files\Java\jre7\bin\zip.dll

VM Arguments:
jvm_args: -Dfile.encoding=UTF-8 -Xbootclasspath:D:\LXM\android_sdk\platforms\android-4.2\android.jar 
java_command: com.lxm.pwhelp.utils.GroupType
Launcher Type: SUN_STANDARD

Environment Variables:
JAVA_HOME=C:\Program Files\Java\jdk1.7.0_09
CLASSPATH=.;C:\Program Files\Java\jdk1.7.0_09\lib
PATH=C:/Program Files (x86)/Java/jre6/bin/client;C:/Program Files (x86)/Java/jre6/bin;C:/Program Files (x86)/Java/jre6/lib/i386;C:\Windows\system32;C:\Windows;C:\Windows\System32\Wbem;C:\Windows\System32\WindowsPowerShell\v1.0\;C:\Program Files\Java\jdk1.7.0_09\bin;D:\wamp\bin\mysql\mysql5.5.8\bin;D:\eclipseForJ2eeAndroid;
USERNAME=Administrator
OS=Windows_NT
PROCESSOR_IDENTIFIER=Intel64 Family 6 Model 42 Stepping 7, GenuineIntel



---------------  S Y S T E M  ---------------

OS: Windows 7 , 64 bit Build 7601 Service Pack 1

CPU:total 4 (2 cores per cpu, 2 threads per core) family 6 model 42 stepping 7, cmov, cx8, fxsr, mmx, sse, sse2, sse3, ssse3, sse4.1, sse4.2, popcnt, avx, ht, tsc, tscinvbit

Memory: 4k page, physical 4000960k(1592552k free), swap 8000084k(5519360k free)

vm_info: Java HotSpot(TM) 64-Bit Server VM (23.5-b02) for windows-amd64 JRE (1.7.0_09-b05), built on Sep 24 2012 21:45:04 by "java_re" with unknown MS VC++:1600

time: Sun Jun 14 23:43:49 2015
elapsed time: 0 seconds

